{"message":"Connected","level":"info","service":"user-service"}
{"message":"Logged in as: ","level":"info","service":"user-service"}
{"message":"NeverFap Deluxe - (560641931466768384)","level":"info","service":"user-service"}
{"message":"Connected","level":"info","service":"user-service"}
{"message":"Logged in as: ","level":"info","service":"user-service"}
{"message":"NeverFap Deluxe - (560641931466768384)","level":"info","service":"user-service"}
{"message":"Connected","level":"info","service":"user-service"}
{"message":"Logged in as: ","level":"info","service":"user-service"}
{"message":"NeverFap Deluxe - (560641931466768384)","level":"info","service":"user-service"}
{"message":"Connected","level":"info","service":"user-service"}
{"message":"Logged in as: ","level":"info","service":"user-service"}
{"message":"NeverFap Deluxe - (560641931466768384)","level":"info","service":"user-service"}
{"message":"Connected","level":"info","service":"user-service"}
{"message":"Logged in as: ","level":"info","service":"user-service"}
{"message":"NeverFap Deluxe - (560641931466768384)","level":"info","service":"user-service"}
{"message":"Connected","level":"info","service":"user-service"}
{"message":"Logged in as: ","level":"info","service":"user-service"}
{"message":"NeverFap Deluxe - (560641931466768384)","level":"info","service":"user-service"}
{"message":"Connected","level":"info","service":"user-service"}
{"message":"Logged in as: ","level":"info","service":"user-service"}
{"message":"NeverFap Deluxe - (560641931466768384)","level":"info","service":"user-service"}
{"message":"Connected","level":"info","service":"user-service"}
{"message":"Logged in as: ","level":"info","service":"user-service"}
{"message":"NeverFap Deluxe - (560641931466768384)","level":"info","service":"user-service"}
{"message":"Connected","level":"info","service":"user-service"}
{"message":"Logged in as: ","level":"info","service":"user-service"}
{"message":"NeverFap Deluxe - (560641931466768384)","level":"info","service":"user-service"}
{"message":"Connected","level":"info","service":"user-service"}
{"message":"Logged in as: ","level":"info","service":"user-service"}
{"message":"NeverFap Deluxe - (560641931466768384)","level":"info","service":"user-service"}
{"message":"Connected","level":"info","service":"user-service"}
{"message":"Logged in as: ","level":"info","service":"user-service"}
{"message":"NeverFap Deluxe - (560641931466768384)","level":"info","service":"user-service"}
{"message":"Connected","level":"info","service":"user-service"}
{"message":"Logged in as: ","level":"info","service":"user-service"}
{"message":"NeverFap Deluxe - (560641931466768384)","level":"info","service":"user-service"}
{"message":"Connected","level":"info","service":"user-service"}
{"message":"Logged in as: ","level":"info","service":"user-service"}
{"message":"NeverFap Deluxe - (560641931466768384)","level":"info","service":"user-service"}
{"message":"Connected","level":"info","service":"user-service"}
{"message":"Logged in as: ","level":"info","service":"user-service"}
{"message":"NeverFap Deluxe - (560641931466768384)","level":"info","service":"user-service"}
{"message":"Connected","level":"info","service":"user-service"}
{"message":"Logged in as: ","level":"info","service":"user-service"}
{"message":"NeverFap Deluxe - (560641931466768384)","level":"info","service":"user-service"}
{"message":"Connected","level":"info","service":"user-service"}
{"message":"Logged in as: ","level":"info","service":"user-service"}
{"message":"NeverFap Deluxe - (560641931466768384)","level":"info","service":"user-service"}
{"message":"Connected","level":"info","service":"user-service"}
{"message":"Logged in as: ","level":"info","service":"user-service"}
{"message":"NeverFap Deluxe - (560641931466768384)","level":"info","service":"user-service"}
{"message":"Connected","level":"info","service":"user-service"}
{"message":"Logged in as: ","level":"info","service":"user-service"}
{"message":"NeverFap Deluxe - (560641931466768384)","level":"info","service":"user-service"}
{"message":"Connected","level":"info","service":"user-service"}
{"message":"Logged in as: ","level":"info","service":"user-service"}
{"message":"NeverFap Deluxe - (560641931466768384)","level":"info","service":"user-service"}
{"message":"Connected","level":"info","service":"user-service"}
{"message":"Logged in as: ","level":"info","service":"user-service"}
{"message":"NeverFap Deluxe - (560641931466768384)","level":"info","service":"user-service"}
{"message":"Connected","level":"info","service":"user-service"}
{"message":"Logged in as: ","level":"info","service":"user-service"}
{"message":"NeverFap Deluxe - (560641931466768384)","level":"info","service":"user-service"}
{"message":"Connected","level":"info","service":"user-service"}
{"message":"Logged in as: ","level":"info","service":"user-service"}
{"message":"NeverFap Deluxe - (560641931466768384)","level":"info","service":"user-service"}
{"message":"Connected","level":"info","service":"user-service"}
{"message":"Logged in as: ","level":"info","service":"user-service"}
{"message":"NeverFap Deluxe - (560641931466768384)","level":"info","service":"user-service"}
{"message":"Connected","level":"info","service":"user-service"}
{"message":"Logged in as: ","level":"info","service":"user-service"}
{"message":"NeverFap Deluxe - (560641931466768384)","level":"info","service":"user-service"}
{"message":"Connected","level":"info","service":"user-service"}
{"message":"Logged in as: ","level":"info","service":"user-service"}
{"message":"NeverFap Deluxe - (560641931466768384)","level":"info","service":"user-service"}
{"message":"Connected","level":"info","service":"user-service"}
{"message":"Logged in as: ","level":"info","service":"user-service"}
{"message":"NeverFap Deluxe - (560641931466768384)","level":"info","service":"user-service"}
{"message":"Connected","level":"info","service":"user-service"}
{"message":"Logged in as: ","level":"info","service":"user-service"}
{"message":"NeverFap Deluxe - (560641931466768384)","level":"info","service":"user-service"}
{"message":"Connected","level":"info","service":"user-service"}
{"message":"Logged in as: ","level":"info","service":"user-service"}
{"message":"NeverFap Deluxe - (560641931466768384)","level":"info","service":"user-service"}
{"message":"Connected","level":"info","service":"user-service"}
{"message":"Logged in as: ","level":"info","service":"user-service"}
{"message":"NeverFap Deluxe - (560641931466768384)","level":"info","service":"user-service"}
{"message":"There are TWD Podcast items to post!","level":"info","service":"user-service"}
{"message":"Connected","level":"info","service":"user-service"}
{"message":"Logged in as: ","level":"info","service":"user-service"}
{"message":"The Writer's Daily - (725470215235829830)","level":"info","service":"user-service"}
{"message":"There are TWD Podcast items to post!","level":"info","service":"user-service"}
{"message":"Connected","level":"info","service":"user-service"}
{"message":"Logged in as: ","level":"info","service":"user-service"}
{"message":"The Writer's Daily - (725470215235829830)","level":"info","service":"user-service"}
{"message":"There are TWD Podcast items to post!","level":"info","service":"user-service"}
{"message":"Connected","level":"info","service":"user-service"}
{"message":"Logged in as: ","level":"info","service":"user-service"}
{"message":"The Writer's Daily - (725470215235829830)","level":"info","service":"user-service"}
{"message":"There are TWD Podcast items to post!","level":"info","service":"user-service"}
{"message":"Connected","level":"info","service":"user-service"}
{"message":"Logged in as: ","level":"info","service":"user-service"}
{"message":"The Writer's Daily - (725470215235829830)","level":"info","service":"user-service"}
{"message":"There are TWD Podcast items to post!","level":"info","service":"user-service"}
{"message":"Connected","level":"info","service":"user-service"}
{"message":"Logged in as: ","level":"info","service":"user-service"}
{"message":"The Writer's Daily - (725470215235829830)","level":"info","service":"user-service"}
{"message":"There are TWD Podcast items to post!","level":"info","service":"user-service"}
{"message":"Connected","level":"info","service":"user-service"}
{"message":"Logged in as: ","level":"info","service":"user-service"}
{"message":"The Writer's Daily - (725470215235829830)","level":"info","service":"user-service"}
{"message":"There are TWD Podcast items to post!","level":"info","service":"user-service"}
{"message":"Connected","level":"info","service":"user-service"}
{"message":"Logged in as: ","level":"info","service":"user-service"}
{"message":"The Writer's Daily - (725470215235829830)","level":"info","service":"user-service"}
{"message":"There are TWD Podcast items to post!","level":"info","service":"user-service"}
{"message":"Connected","level":"info","service":"user-service"}
{"message":"Logged in as: ","level":"info","service":"user-service"}
{"message":"The Writer's Daily - (725470215235829830)","level":"info","service":"user-service"}
{"message":"There are TWD Podcast items to post!","level":"info","service":"user-service"}
{"message":"Connected","level":"info","service":"user-service"}
{"message":"Logged in as: ","level":"info","service":"user-service"}
{"message":"The Writer's Daily - (725470215235829830)","level":"info","service":"user-service"}
{"message":"There are TWD Podcast items to post!","level":"info","service":"user-service"}
{"message":"Connected","level":"info","service":"user-service"}
{"message":"Logged in as: ","level":"info","service":"user-service"}
{"message":"The Writer's Daily - (725470215235829830)","level":"info","service":"user-service"}
{"message":"There are TWD Podcast items to post!","level":"info","service":"user-service"}
{"message":"Connected","level":"info","service":"user-service"}
{"message":"Logged in as: ","level":"info","service":"user-service"}
{"message":"The Writer's Daily - (725470215235829830)","level":"info","service":"user-service"}
{"message":"There are TWD Podcast items to post!","level":"info","service":"user-service"}
{"message":"Connected","level":"info","service":"user-service"}
{"message":"Logged in as: ","level":"info","service":"user-service"}
{"message":"The Writer's Daily - (725470215235829830)","level":"info","service":"user-service"}
{"message":"There are TWD Podcast items to post!","level":"info","service":"user-service"}
{"message":"Connected","level":"info","service":"user-service"}
{"message":"Logged in as: ","level":"info","service":"user-service"}
{"message":"The Writer's Daily - (725470215235829830)","level":"info","service":"user-service"}
{"message":"There are TWD Podcast items to post!","level":"info","service":"user-service"}
{"message":"Connected","level":"info","service":"user-service"}
{"message":"Logged in as: ","level":"info","service":"user-service"}
{"message":"The Writer's Daily - (725470215235829830)","level":"info","service":"user-service"}
{"message":"There are TWD Podcast items to post!","level":"info","service":"user-service"}
{"message":"Connected","level":"info","service":"user-service"}
{"message":"Logged in as: ","level":"info","service":"user-service"}
{"message":"The Writer's Daily - (725470215235829830)","level":"info","service":"user-service"}
{"message":"There are TWD Podcast items to post!","level":"info","service":"user-service"}
{"message":"Connected","level":"info","service":"user-service"}
{"message":"Logged in as: ","level":"info","service":"user-service"}
{"message":"The Writer's Daily - (725470215235829830)","level":"info","service":"user-service"}
{"message":"There are TWD Podcast items to post!","level":"info","service":"user-service"}
{"message":"Connected","level":"info","service":"user-service"}
{"message":"Logged in as: ","level":"info","service":"user-service"}
{"message":"The Writer's Daily - (725470215235829830)","level":"info","service":"user-service"}
{"message":"There are TWD Podcast items to post!","level":"info","service":"user-service"}
{"message":"Connected","level":"info","service":"user-service"}
{"message":"Logged in as: ","level":"info","service":"user-service"}
{"message":"The Writer's Daily - (725470215235829830)","level":"info","service":"user-service"}
{"message":"There are TWD Podcast items to post!","level":"info","service":"user-service"}
{"message":"Connected","level":"info","service":"user-service"}
{"message":"Logged in as: ","level":"info","service":"user-service"}
{"message":"The Writer's Daily - (725470215235829830)","level":"info","service":"user-service"}
{"message":"There are TWD Podcast items to post!","level":"info","service":"user-service"}
{"message":"Connected","level":"info","service":"user-service"}
{"message":"Logged in as: ","level":"info","service":"user-service"}
{"message":"The Writer's Daily - (725470215235829830)","level":"info","service":"user-service"}
{"message":"There are TWD Podcast items to post!","level":"info","service":"user-service"}
{"message":"Connected","level":"info","service":"user-service"}
{"message":"Logged in as: ","level":"info","service":"user-service"}
{"message":"The Writer's Daily - (725470215235829830)","level":"info","service":"user-service"}
{"message":"There are TWD Podcast items to post!","level":"info","service":"user-service"}
{"message":"Connected","level":"info","service":"user-service"}
{"message":"Logged in as: ","level":"info","service":"user-service"}
{"message":"The Writer's Daily - (725470215235829830)","level":"info","service":"user-service"}
{"message":"There are TWD Podcast items to post!","level":"info","service":"user-service"}
{"message":"Connected","level":"info","service":"user-service"}
{"message":"Logged in as: ","level":"info","service":"user-service"}
{"message":"The Writer's Daily - (725470215235829830)","level":"info","service":"user-service"}
{"message":"There are TWD Podcast items to post!","level":"info","service":"user-service"}
{"message":"Connected","level":"info","service":"user-service"}
{"message":"Logged in as: ","level":"info","service":"user-service"}
{"message":"NeverFap Deluxe - (560641931466768384)","level":"info","service":"user-service"}
{"message":"Connected","level":"info","service":"user-service"}
{"message":"Logged in as: ","level":"info","service":"user-service"}
{"message":"The Writer's Daily - (725470215235829830)","level":"info","service":"user-service"}
{"message":"There are TWD Podcast items to post!","level":"info","service":"user-service"}
{"message":"Connected","level":"info","service":"user-service"}
{"message":"Logged in as: ","level":"info","service":"user-service"}
{"message":"The Writer's Daily - (725470215235829830)","level":"info","service":"user-service"}
{"message":"There are TWD Podcast items to post!","level":"info","service":"user-service"}
{"message":"Connected","level":"info","service":"user-service"}
{"message":"Logged in as: ","level":"info","service":"user-service"}
{"message":"The Writer's Daily - (725470215235829830)","level":"info","service":"user-service"}
{"message":"There are TWD Podcast items to post!","level":"info","service":"user-service"}
{"message":"Connected","level":"info","service":"user-service"}
{"message":"Logged in as: ","level":"info","service":"user-service"}
{"message":"The Writer's Daily - (725470215235829830)","level":"info","service":"user-service"}
{"message":"There are TWD Podcast items to post!","level":"info","service":"user-service"}
{"message":"Connected","level":"info","service":"user-service"}
{"message":"Logged in as: ","level":"info","service":"user-service"}
{"message":"NeverFap Deluxe - (560641931466768384)","level":"info","service":"user-service"}
{"message":"Connected","level":"info","service":"user-service"}
{"message":"Logged in as: ","level":"info","service":"user-service"}
{"message":"The Writer's Daily - (725470215235829830)","level":"info","service":"user-service"}
{"message":"There are TWD Podcast items to post!","level":"info","service":"user-service"}
{"message":"Connected","level":"info","service":"user-service"}
{"message":"Logged in as: ","level":"info","service":"user-service"}
{"message":"The Writer's Daily - (725470215235829830)","level":"info","service":"user-service"}
{"message":"There are TWD Podcast items to post!","level":"info","service":"user-service"}
{"message":"Connected","level":"info","service":"user-service"}
{"message":"Logged in as: ","level":"info","service":"user-service"}
{"message":"The Writer's Daily - (725470215235829830)","level":"info","service":"user-service"}
{"message":"There are TWD Podcast items to post!","level":"info","service":"user-service"}
{"message":"Connected","level":"info","service":"user-service"}
{"message":"Logged in as: ","level":"info","service":"user-service"}
{"message":"The Writer's Daily - (725470215235829830)","level":"info","service":"user-service"}
{"message":"There are TWD Podcast items to post!","level":"info","service":"user-service"}
{"message":"Connected","level":"info","service":"user-service"}
{"message":"Logged in as: ","level":"info","service":"user-service"}
{"message":"The Writer's Daily - (725470215235829830)","level":"info","service":"user-service"}
{"message":"There are TWD Podcast items to post!","level":"info","service":"user-service"}
{"message":"Connected","level":"info","service":"user-service"}
{"message":"Logged in as: ","level":"info","service":"user-service"}
{"message":"The Writer's Daily - (725470215235829830)","level":"info","service":"user-service"}
{"message":"There are TWD Podcast items to post!","level":"info","service":"user-service"}
{"message":"Connected","level":"info","service":"user-service"}
{"message":"Logged in as: ","level":"info","service":"user-service"}
{"message":"The Writer's Daily - (725470215235829830)","level":"info","service":"user-service"}
{"message":"There are TWD Podcast items to post!","level":"info","service":"user-service"}
{"message":"Connected","level":"info","service":"user-service"}
{"message":"Logged in as: ","level":"info","service":"user-service"}
{"message":"The Writer's Daily - (725470215235829830)","level":"info","service":"user-service"}
{"message":"There are TWD Podcast items to post!","level":"info","service":"user-service"}
{"message":"Connected","level":"info","service":"user-service"}
{"message":"Logged in as: ","level":"info","service":"user-service"}
{"message":"The Writer's Daily - (725470215235829830)","level":"info","service":"user-service"}
{"message":"There are TWD Podcast items to post!","level":"info","service":"user-service"}
{"message":"Connected","level":"info","service":"user-service"}
{"message":"Logged in as: ","level":"info","service":"user-service"}
{"message":"The Writer's Daily - (725470215235829830)","level":"info","service":"user-service"}
{"message":"There are TWD Podcast items to post!","level":"info","service":"user-service"}
{"message":"Connected","level":"info","service":"user-service"}
{"message":"Logged in as: ","level":"info","service":"user-service"}
{"message":"The Writer's Daily - (725470215235829830)","level":"info","service":"user-service"}
{"message":"There are TWD Podcast items to post!","level":"info","service":"user-service"}
{"message":"Connected","level":"info","service":"user-service"}
{"message":"Logged in as: ","level":"info","service":"user-service"}
{"message":"The Writer's Daily - (725470215235829830)","level":"info","service":"user-service"}
{"message":"There are TWD Podcast items to post!","level":"info","service":"user-service"}
{"message":"Connected","level":"info","service":"user-service"}
{"message":"Logged in as: ","level":"info","service":"user-service"}
{"message":"The Writer's Daily - (725470215235829830)","level":"info","service":"user-service"}
{"message":"There are TWD Podcast items to post!","level":"info","service":"user-service"}
{"message":"Connected","level":"info","service":"user-service"}
{"message":"Logged in as: ","level":"info","service":"user-service"}
{"message":"The Writer's Daily - (725470215235829830)","level":"info","service":"user-service"}
{"message":"There are TWD Podcast items to post!","level":"info","service":"user-service"}
{"message":"Connected","level":"info","service":"user-service"}
{"message":"Logged in as: ","level":"info","service":"user-service"}
{"message":"The Writer's Daily - (725470215235829830)","level":"info","service":"user-service"}
{"message":"There are TWD Podcast items to post!","level":"info","service":"user-service"}
{"message":"Connected","level":"info","service":"user-service"}
{"message":"Logged in as: ","level":"info","service":"user-service"}
{"message":"The Writer's Daily - (725470215235829830)","level":"info","service":"user-service"}
{"message":"There are TWD Podcast items to post!","level":"info","service":"user-service"}
{"message":"Connected","level":"info","service":"user-service"}
{"message":"Logged in as: ","level":"info","service":"user-service"}
{"message":"The Writer's Daily - (725470215235829830)","level":"info","service":"user-service"}
{"message":"There are TWD Podcast items to post!","level":"info","service":"user-service"}
{"message":"Connected","level":"info","service":"user-service"}
{"message":"Logged in as: ","level":"info","service":"user-service"}
{"message":"The Writer's Daily - (725470215235829830)","level":"info","service":"user-service"}
{"message":"There are TWD Podcast items to post!","level":"info","service":"user-service"}
{"message":"Connected","level":"info","service":"user-service"}
{"message":"Logged in as: ","level":"info","service":"user-service"}
{"message":"NeverFap Deluxe - (560641931466768384)","level":"info","service":"user-service"}
{"message":"Connected","level":"info","service":"user-service"}
{"message":"Logged in as: ","level":"info","service":"user-service"}
{"message":"The Writer's Daily - (725470215235829830)","level":"info","service":"user-service"}
{"message":"There are TWD Podcast items to post!","level":"info","service":"user-service"}
{"message":"Connected","level":"info","service":"user-service"}
{"message":"Logged in as: ","level":"info","service":"user-service"}
{"message":"The Writer's Daily - (725470215235829830)","level":"info","service":"user-service"}
{"message":"There are TWD Podcast items to post!","level":"info","service":"user-service"}
{"message":"Connected","level":"info","service":"user-service"}
{"message":"Logged in as: ","level":"info","service":"user-service"}
{"message":"NeverFap Deluxe - (560641931466768384)","level":"info","service":"user-service"}
{"message":"Connected","level":"info","service":"user-service"}
{"message":"Logged in as: ","level":"info","service":"user-service"}
{"message":"The Writer's Daily - (725470215235829830)","level":"info","service":"user-service"}
{"message":"There are TWD Podcast items to post!","level":"info","service":"user-service"}
{"message":"Connected","level":"info","service":"user-service"}
{"message":"Logged in as: ","level":"info","service":"user-service"}
{"message":"The Writer's Daily - (725470215235829830)","level":"info","service":"user-service"}
{"message":"There are TWD Podcast items to post!","level":"info","service":"user-service"}
{"message":"Connected","level":"info","service":"user-service"}
{"message":"Logged in as: ","level":"info","service":"user-service"}
{"message":"The Writer's Daily - (725470215235829830)","level":"info","service":"user-service"}
{"message":"There are TWD Podcast items to post!","level":"info","service":"user-service"}
{"message":"There are TNDD Podcast items to post!","level":"info","service":"user-service"}
{"message":"There are TNDD Podcast items to post!","level":"info","service":"user-service"}
{"message":"There are TNDD Podcast items to post!","level":"info","service":"user-service"}
{"message":"There are TNDD Podcast items to post!","level":"info","service":"user-service"}
{"message":"There are TNDD Podcast items to post!","level":"info","service":"user-service"}
{"message":"There are TNDD Podcast items to post!","level":"info","service":"user-service"}
{"message":"There are TNDD Podcast items to post!","level":"info","service":"user-service"}
{"message":"There are TNDD Podcast items to post!","level":"info","service":"user-service"}
{"message":"There are TWD Podcast items to post!","level":"info","service":"user-service"}
{"message":"There are TWD Podcast items to post!","level":"info","service":"user-service"}
{"message":"There are TWD Podcast items to post!","level":"info","service":"user-service"}
{"message":"There are TNDD Podcast items to post!","level":"info","service":"user-service"}
{"message":[{"id":"twd-podcast-item-6","episode_number":6,"slug":"ep-6-why-guided-meditation-is-so-important","title":"#6 - Why Guided Meditation Is So Important","date":"2020-07-06T07:00:00+10:00","publishDate":"2020-07-06T07:00:00+10:00","socialPublishDate":"2020-07-06T07:30:00+10:00","description":"","content":"1. The Checkup: Allow The Reade to excite you this morning. 2. The Topic: Why Guided Meditation Is So Important 3. The Viewermail: I help a fellow NeverFapper out with his rampant \"Yellow Fever\". Email: neverfapdeluxe@gmail.com\n","notes":"","segments":[{"title":"the_checkup","gist":"","notes":"\n- How are you coping with life?\n- Did you meditate today?\n- Did you exercise today?\n- Did you remain calm today?\n- Did you remain aware today?\n- What are you going to do differently tomorrow?\n      "},{"title":"the_topic","gist":"","notes":"Why Guided Meditation Is So Important\n\n- The reason why is because it turns out I was meditation incorrectly for a very long time.\n- Meditating without a guide is like learning to speak based on what you've heard other people speak. Imagine trying to learn french without understanding any grammar, spelling, even pronounciation.\n- This is probably why there's so much misconception about meditation.\n- (quick explanation of what the purpose of meditation is) - Start with behaviours.\n- I can recommend Sam Harris, I also have my own guided meditations.\n- I've been thinking of recording more recently.\n      "},{"title":"the_viewermail","gist":"","notes":"\nBeet Meet\n\n\"Julius, I keep matching with asians on tinder, Is it because I'm a hairy white coloniser man? Is there some secret to getting laid with an asian girl that im just unaware of? Do i have to cook them a special dish? HELP JULIUS WHAT DO I DO?!?!?!\"\n\n- The key with asian women is to be as white as possible. Asian women loves white guys.\n- I also have yellow fever, so I personally like to soak my face in bleach at least 5 hours a day.\n- Industrial strength white paint, will also do you many favours.\n- Dim Sims and Spring Rolls, also highly popular with asian women. I like to slip one inside her during sex.\n- Learning to use chopsticks is also super important, mostly out of self-defence when she attempts to take over your bank account and leave you DRY.\n- The main however, is to actually just carry a gun, because irrespective of race, social status, wealth - no woman will ever turn you down if you have a gun.\n- But that's illegal, so definitely don't do that.\n"},{"title":"the_outro","gist":"","notes":"- Facebook, Twitter, Discord, Reddit, Castbox Channel\n- Email: neverfapdeluxe@gmail.com\n- Checkout the website\n- Mention the Writer's Daily\n- Look after your mental health\n      "}],"tags":["meditation","guided meditation"],"castboxEmbedUrl":"<iframe src=\"https://castbox.fm/app/castbox/player/Guided/id2979644?v=8.22.11&autoplay=0&hide_list=1\" frameborder=\"0\" width=\"100%\" height=\"220\"></iframe>","castboxLink":"https://castbox.fm/episode/6---Why-Guided-Meditation-Is-So-Important-id2979644-id282593556","featured_image":"NA","background_image":"NA","giphy_still":"https://media1.giphy.com/media/AZvMr2XNJIxPi/480w_s.jpg","giphy_medium":"https://media2.giphy.com/media/AZvMr2XNJIxPi/giphy.gif","draft":false,"curated_type":"curated_podcast","links":[{"title":"CastboxMp3Url","link":""}],"socials":[],"categories":["episode"]}],"level":"info","service":"user-service"}
{"message":"Connected","level":"info","service":"user-service"}
{"message":"Logged in as: ","level":"info","service":"user-service"}
{"message":"NeverFap Deluxe - (560641931466768384)","level":"info","service":"user-service"}
{"message":"There are TNDD Podcast items to post!","level":"info","service":"user-service"}
{"message":"[object Object]","level":"info","service":"user-service"}
{"service":"user-service","level":"info","message":"submissionHollow.name"}
{"message":"discord - sendChannelTextMessage","level":"info","service":"user-service"}
{"message":"discord - sendChannelMessageEmbed","level":"info","service":"user-service"}
{"message":"twitter - sendTextPost","level":"info","service":"user-service"}
{"message":"done","level":"info","service":"user-service"}
{"message":"Connected","level":"info","service":"user-service"}
{"message":"Logged in as: ","level":"info","service":"user-service"}
{"message":"The Writer's Daily - (725470215235829830)","level":"info","service":"user-service"}
{"message":"There are TWD Podcast items to post!","level":"info","service":"user-service"}
{"service":"user-service","level":"info","message":"submissionHollow.name"}
{"message":"discord - sendChannelTextMessage","level":"info","service":"user-service"}
{"message":"discord - sendChannelMessageEmbed","level":"info","service":"user-service"}
{"message":"twitter - sendTextPost","level":"info","service":"user-service"}
{"message":"done","level":"info","service":"user-service"}
{"message":"Connected","level":"info","service":"user-service"}
{"message":"Logged in as: ","level":"info","service":"user-service"}
{"message":"NeverFap Deluxe - (560641931466768384)","level":"info","service":"user-service"}
{"message":"There are TNDD Podcast items to post!","level":"info","service":"user-service"}
{"message":"[object Object]","level":"info","service":"user-service"}
{"service":"user-service","level":"info","message":"submissionHollow.name"}
{"message":"discord - sendChannelTextMessage","level":"info","service":"user-service"}
{"message":"discord - sendChannelMessageEmbed","level":"info","service":"user-service"}
{"message":"twitter - sendTextPost","level":"info","service":"user-service"}
{"message":"done","level":"info","service":"user-service"}
{"message":"Connected","level":"info","service":"user-service"}
{"message":"Logged in as: ","level":"info","service":"user-service"}
{"message":"The Writer's Daily - (725470215235829830)","level":"info","service":"user-service"}
{"message":"There are TWD Podcast items to post!","level":"info","service":"user-service"}
{"service":"user-service","level":"info","message":"submissionHollow.name"}
{"message":"discord - sendChannelTextMessage","level":"info","service":"user-service"}
{"message":"discord - sendChannelMessageEmbed","level":"info","service":"user-service"}
{"message":"twitter - sendTextPost","level":"info","service":"user-service"}
{"message":"done","level":"info","service":"user-service"}
{"message":"Connected","level":"info","service":"user-service"}
{"message":"Logged in as: ","level":"info","service":"user-service"}
{"message":"NeverFap Deluxe - (560641931466768384)","level":"info","service":"user-service"}
{"message":"There are TNDD Podcast items to post!","level":"info","service":"user-service"}
{"message":{"item":{"id":"twd-podcast-item-13","episode_number":13,"slug":"ep-13-does-recovery-get-easier-over-time?","title":"#13 - Does Recovery Get Easier Over Time?","date":"2020-07-15T07:00:00+10:00","publishDate":"2020-07-15T07:00:00+10:00","socialPublishDate":"2020-07-15T07:30:00+10:00","description":"","content":"1. The Checkup: Allow me to diagnose you in the worst way possible. 2. The Topic: Does Recovery Get Easier Over Time? 3. The Viewermail: This guy likes sausage quite a lot. Email: neverfapdeluxe@gmail.com\n","notes":"","segments":[{"title":"the_checkup","gist":"","notes":"\n- How are you coping with life?\n- Did you meditate today?\n- Did you exercise today?\n- Did you remain calm today?\n- Did you remain aware today?\n- What are you going to do differently tomorrow?\n      "},{"title":"the_topic","gist":"","notes":"Does Recovery Get Easier Over Time?\n\n- Hard answer, it depends.\n- For most it doesn't, because they approach it in the wrong way.\n- Basically, people who pursue unhealthy coping mechanisms get nowhere.\n  + distraction\n  + escapism\n  + judgement.\n- These things do not improve clarity or awareness, therefore do not allow you to consciously change your behaviours.\n- Recovery does get easier however if you focus on your mental health.\n- This means meditating daily.\n- Working on identifying unhealthy behaviours and changing them.\n      "},{"title":"the_viewermail","gist":"","notes":"\nMia Gonzales from Davao City, Philippines.\n\n\"I'm thinking of raping a meat sausage, although the whole rape idea makes me feel uncomfortable. Should I maybe eat the sausage instead?\"\n\n- Absolutely not, you should definitely rape that sausage.\n- Sausages really are the sluts of the meat world, so it's important that you treat them as such.\n- I personally like to spit on my sausage before I absolutely devour it.\n- And I want to make it clear, under no circumstances is it actually okay to eat the sausage. That is far too civil. You're doing the sausage a HUGE disfavour.\n- In all seriousness though, you should rape your sausage in front of a starving african child, just so that sausage knows that it couldn't even nourish those who need it most.\n"},{"title":"the_outro","gist":"","notes":"- Facebook, Twitter, Discord, Reddit, Castbox Channel\n- Email: neverfapdeluxe@gmail.com\n- Checkout the website\n- Mention the Writer's Daily\n- Look after your mental health\n      "}],"tags":["recovery","struggle"],"castboxEmbedUrl":"<iframe src=\"https://castbox.fm/app/castbox/player/id2979644/id285358291?v=8.22.11&autoplay=0&hide_list=1\" frameborder=\"0\" width=\"100%\" height=\"220\"></iframe>","castboxLink":"https://castbox.fm/episode/13---Does-Recovery-Get-Easier-Over-Time--id2979644-id285358291","featured_image":"NA","background_image":"NA","giphy_still":"https://media1.giphy.com/media/eNpXWzGIMRjIo4lXT8/480w_s.jpg","giphy_medium":"https://media1.giphy.com/media/eNpXWzGIMRjIo4lXT8/giphy.gif","draft":false,"curated_type":"curated_podcast","links":[{"title":"CastboxMp3Url","link":""}],"socials":[],"categories":["episode"]}},"level":"info","service":"user-service"}
{"service":"user-service","level":"info","message":"submissionHollow.name"}
{"service":"user-service","level":"info","message":"submissionName"}
{"message":"discord - sendChannelTextMessage","level":"info","service":"user-service"}
{"message":"discord - sendChannelMessageEmbed","level":"info","service":"user-service"}
{"message":"twitter - sendTextPost","level":"info","service":"user-service"}
{"message":"Connected","level":"info","service":"user-service"}
{"message":"Logged in as: ","level":"info","service":"user-service"}
{"message":"NeverFap Deluxe - (560641931466768384)","level":"info","service":"user-service"}
{"message":"There are TNDD Podcast items to post!","level":"info","service":"user-service"}
{"message":{"item":{"id":"twd-podcast-item-13","episode_number":13,"slug":"ep-13-does-recovery-get-easier-over-time?","title":"#13 - Does Recovery Get Easier Over Time?","date":"2020-07-15T07:00:00+10:00","publishDate":"2020-07-15T07:00:00+10:00","socialPublishDate":"2020-07-15T07:30:00+10:00","description":"","content":"1. The Checkup: Allow me to diagnose you in the worst way possible. 2. The Topic: Does Recovery Get Easier Over Time? 3. The Viewermail: This guy likes sausage quite a lot. Email: neverfapdeluxe@gmail.com\n","notes":"","segments":[{"title":"the_checkup","gist":"","notes":"\n- How are you coping with life?\n- Did you meditate today?\n- Did you exercise today?\n- Did you remain calm today?\n- Did you remain aware today?\n- What are you going to do differently tomorrow?\n      "},{"title":"the_topic","gist":"","notes":"Does Recovery Get Easier Over Time?\n\n- Hard answer, it depends.\n- For most it doesn't, because they approach it in the wrong way.\n- Basically, people who pursue unhealthy coping mechanisms get nowhere.\n  + distraction\n  + escapism\n  + judgement.\n- These things do not improve clarity or awareness, therefore do not allow you to consciously change your behaviours.\n- Recovery does get easier however if you focus on your mental health.\n- This means meditating daily.\n- Working on identifying unhealthy behaviours and changing them.\n      "},{"title":"the_viewermail","gist":"","notes":"\nMia Gonzales from Davao City, Philippines.\n\n\"I'm thinking of raping a meat sausage, although the whole rape idea makes me feel uncomfortable. Should I maybe eat the sausage instead?\"\n\n- Absolutely not, you should definitely rape that sausage.\n- Sausages really are the sluts of the meat world, so it's important that you treat them as such.\n- I personally like to spit on my sausage before I absolutely devour it.\n- And I want to make it clear, under no circumstances is it actually okay to eat the sausage. That is far too civil. You're doing the sausage a HUGE disfavour.\n- In all seriousness though, you should rape your sausage in front of a starving african child, just so that sausage knows that it couldn't even nourish those who need it most.\n"},{"title":"the_outro","gist":"","notes":"- Facebook, Twitter, Discord, Reddit, Castbox Channel\n- Email: neverfapdeluxe@gmail.com\n- Checkout the website\n- Mention the Writer's Daily\n- Look after your mental health\n      "}],"tags":["recovery","struggle"],"castboxEmbedUrl":"<iframe src=\"https://castbox.fm/app/castbox/player/id2979644/id285358291?v=8.22.11&autoplay=0&hide_list=1\" frameborder=\"0\" width=\"100%\" height=\"220\"></iframe>","castboxLink":"https://castbox.fm/episode/13---Does-Recovery-Get-Easier-Over-Time--id2979644-id285358291","featured_image":"NA","background_image":"NA","giphy_still":"https://media1.giphy.com/media/eNpXWzGIMRjIo4lXT8/480w_s.jpg","giphy_medium":"https://media1.giphy.com/media/eNpXWzGIMRjIo4lXT8/giphy.gif","draft":false,"curated_type":"curated_podcast","links":[{"title":"CastboxMp3Url","link":""}],"socials":[],"categories":["episode"]}},"level":"info","service":"user-service"}
{"message":"Connected","level":"info","service":"user-service"}
{"message":"Logged in as: ","level":"info","service":"user-service"}
{"message":"NeverFap Deluxe - (560641931466768384)","level":"info","service":"user-service"}
{"message":"There are TNDD Podcast items to post!","level":"info","service":"user-service"}
{"message":{"item":{"id":"twd-podcast-item-13","episode_number":13,"slug":"ep-13-does-recovery-get-easier-over-time?","title":"#13 - Does Recovery Get Easier Over Time?","date":"2020-07-15T07:00:00+10:00","publishDate":"2020-07-15T07:00:00+10:00","socialPublishDate":"2020-07-15T07:30:00+10:00","description":"","content":"1. The Checkup: Allow me to diagnose you in the worst way possible. 2. The Topic: Does Recovery Get Easier Over Time? 3. The Viewermail: This guy likes sausage quite a lot. Email: neverfapdeluxe@gmail.com\n","notes":"","segments":[{"title":"the_checkup","gist":"","notes":"\n- How are you coping with life?\n- Did you meditate today?\n- Did you exercise today?\n- Did you remain calm today?\n- Did you remain aware today?\n- What are you going to do differently tomorrow?\n      "},{"title":"the_topic","gist":"","notes":"Does Recovery Get Easier Over Time?\n\n- Hard answer, it depends.\n- For most it doesn't, because they approach it in the wrong way.\n- Basically, people who pursue unhealthy coping mechanisms get nowhere.\n  + distraction\n  + escapism\n  + judgement.\n- These things do not improve clarity or awareness, therefore do not allow you to consciously change your behaviours.\n- Recovery does get easier however if you focus on your mental health.\n- This means meditating daily.\n- Working on identifying unhealthy behaviours and changing them.\n      "},{"title":"the_viewermail","gist":"","notes":"\nMia Gonzales from Davao City, Philippines.\n\n\"I'm thinking of raping a meat sausage, although the whole rape idea makes me feel uncomfortable. Should I maybe eat the sausage instead?\"\n\n- Absolutely not, you should definitely rape that sausage.\n- Sausages really are the sluts of the meat world, so it's important that you treat them as such.\n- I personally like to spit on my sausage before I absolutely devour it.\n- And I want to make it clear, under no circumstances is it actually okay to eat the sausage. That is far too civil. You're doing the sausage a HUGE disfavour.\n- In all seriousness though, you should rape your sausage in front of a starving african child, just so that sausage knows that it couldn't even nourish those who need it most.\n"},{"title":"the_outro","gist":"","notes":"- Facebook, Twitter, Discord, Reddit, Castbox Channel\n- Email: neverfapdeluxe@gmail.com\n- Checkout the website\n- Mention the Writer's Daily\n- Look after your mental health\n      "}],"tags":["recovery","struggle"],"castboxEmbedUrl":"<iframe src=\"https://castbox.fm/app/castbox/player/id2979644/id285358291?v=8.22.11&autoplay=0&hide_list=1\" frameborder=\"0\" width=\"100%\" height=\"220\"></iframe>","castboxLink":"https://castbox.fm/episode/13---Does-Recovery-Get-Easier-Over-Time--id2979644-id285358291","featured_image":"NA","background_image":"NA","giphy_still":"https://media1.giphy.com/media/eNpXWzGIMRjIo4lXT8/480w_s.jpg","giphy_medium":"https://media1.giphy.com/media/eNpXWzGIMRjIo4lXT8/giphy.gif","draft":false,"curated_type":"curated_podcast","links":[{"title":"CastboxMp3Url","link":""}],"socials":[],"categories":["episode"]}},"level":"info","service":"user-service"}
{"message":"Connected","level":"info","service":"user-service"}
{"message":"Logged in as: ","level":"info","service":"user-service"}
{"message":"NeverFap Deluxe - (560641931466768384)","level":"info","service":"user-service"}
{"message":"There are TNDD Podcast items to post!","level":"info","service":"user-service"}
{"message":{"item":{"id":"twd-podcast-item-13","episode_number":13,"slug":"ep-13-does-recovery-get-easier-over-time?","title":"#13 - Does Recovery Get Easier Over Time?","date":"2020-07-15T07:00:00+10:00","publishDate":"2020-07-15T07:00:00+10:00","socialPublishDate":"2020-07-15T07:30:00+10:00","description":"","content":"1. The Checkup: Allow me to diagnose you in the worst way possible. 2. The Topic: Does Recovery Get Easier Over Time? 3. The Viewermail: This guy likes sausage quite a lot. Email: neverfapdeluxe@gmail.com\n","notes":"","segments":[{"title":"the_checkup","gist":"","notes":"\n- How are you coping with life?\n- Did you meditate today?\n- Did you exercise today?\n- Did you remain calm today?\n- Did you remain aware today?\n- What are you going to do differently tomorrow?\n      "},{"title":"the_topic","gist":"","notes":"Does Recovery Get Easier Over Time?\n\n- Hard answer, it depends.\n- For most it doesn't, because they approach it in the wrong way.\n- Basically, people who pursue unhealthy coping mechanisms get nowhere.\n  + distraction\n  + escapism\n  + judgement.\n- These things do not improve clarity or awareness, therefore do not allow you to consciously change your behaviours.\n- Recovery does get easier however if you focus on your mental health.\n- This means meditating daily.\n- Working on identifying unhealthy behaviours and changing them.\n      "},{"title":"the_viewermail","gist":"","notes":"\nMia Gonzales from Davao City, Philippines.\n\n\"I'm thinking of raping a meat sausage, although the whole rape idea makes me feel uncomfortable. Should I maybe eat the sausage instead?\"\n\n- Absolutely not, you should definitely rape that sausage.\n- Sausages really are the sluts of the meat world, so it's important that you treat them as such.\n- I personally like to spit on my sausage before I absolutely devour it.\n- And I want to make it clear, under no circumstances is it actually okay to eat the sausage. That is far too civil. You're doing the sausage a HUGE disfavour.\n- In all seriousness though, you should rape your sausage in front of a starving african child, just so that sausage knows that it couldn't even nourish those who need it most.\n"},{"title":"the_outro","gist":"","notes":"- Facebook, Twitter, Discord, Reddit, Castbox Channel\n- Email: neverfapdeluxe@gmail.com\n- Checkout the website\n- Mention the Writer's Daily\n- Look after your mental health\n      "}],"tags":["recovery","struggle"],"castboxEmbedUrl":"<iframe src=\"https://castbox.fm/app/castbox/player/id2979644/id285358291?v=8.22.11&autoplay=0&hide_list=1\" frameborder=\"0\" width=\"100%\" height=\"220\"></iframe>","castboxLink":"https://castbox.fm/episode/13---Does-Recovery-Get-Easier-Over-Time--id2979644-id285358291","featured_image":"NA","background_image":"NA","giphy_still":"https://media1.giphy.com/media/eNpXWzGIMRjIo4lXT8/480w_s.jpg","giphy_medium":"https://media1.giphy.com/media/eNpXWzGIMRjIo4lXT8/giphy.gif","draft":false,"curated_type":"curated_podcast","links":[{"title":"CastboxMp3Url","link":""}],"socials":[],"categories":["episode"]}},"level":"info","service":"user-service"}
{"message":"done","level":"info","service":"user-service"}
{"message":"Connected","level":"info","service":"user-service"}
{"message":"Logged in as: ","level":"info","service":"user-service"}
{"message":"The Writer's Daily - (725470215235829830)","level":"info","service":"user-service"}
{"service":"user-service","level":"info","message":"submissionHollow.name"}
{"message":"Connected","level":"info","service":"user-service"}
{"message":"Logged in as: ","level":"info","service":"user-service"}
{"message":"The Writer's Daily - (725470215235829830)","level":"info","service":"user-service"}
{"message":"Connected","level":"info","service":"user-service"}
{"message":"Logged in as: ","level":"info","service":"user-service"}
{"message":"The Writer's Daily - (725470215235829830)","level":"info","service":"user-service"}
{"message":"Connected","level":"info","service":"user-service"}
{"message":"Logged in as: ","level":"info","service":"user-service"}
{"message":"The Writer's Daily - (725470215235829830)","level":"info","service":"user-service"}
{"message":"Connected","level":"info","service":"user-service"}
{"message":"Logged in as: ","level":"info","service":"user-service"}
{"message":"The Writer's Daily - (725470215235829830)","level":"info","service":"user-service"}
{"message":"Connected","level":"info","service":"user-service"}
{"message":"Logged in as: ","level":"info","service":"user-service"}
{"message":"The Writer's Daily - (725470215235829830)","level":"info","service":"user-service"}
{"message":"Connected","level":"info","service":"user-service"}
{"message":"Logged in as: ","level":"info","service":"user-service"}
{"message":"The Writer's Daily - (725470215235829830)","level":"info","service":"user-service"}
{"message":"Connected","level":"info","service":"user-service"}
{"message":"Logged in as: ","level":"info","service":"user-service"}
{"message":"The Writer's Daily - (725470215235829830)","level":"info","service":"user-service"}
{"message":"Connected","level":"info","service":"user-service"}
{"message":"Logged in as: ","level":"info","service":"user-service"}
{"message":"The Writer's Daily - (725470215235829830)","level":"info","service":"user-service"}
{"message":"Connected","level":"info","service":"user-service"}
{"message":"Logged in as: ","level":"info","service":"user-service"}
{"message":"The Writer's Daily - (725470215235829830)","level":"info","service":"user-service"}
{"message":"Connected","level":"info","service":"user-service"}
{"message":"Logged in as: ","level":"info","service":"user-service"}
{"message":"NeverFap Deluxe - (560641931466768384)","level":"info","service":"user-service"}
{"message":"There are TNDD Podcast items to post!","level":"info","service":"user-service"}
{"message":{"item":"[object Object]"},"level":"info","service":"user-service"}
{"message":"Connected","level":"info","service":"user-service"}
{"message":"Logged in as: ","level":"info","service":"user-service"}
{"message":"NeverFap Deluxe - (560641931466768384)","level":"info","service":"user-service"}
{"message":"There are TNDD Podcast items to post!","level":"info","service":"user-service"}
{"message":{"item":"[object Object]"},"level":"info","service":"user-service"}
{"service":"user-service","level":"info","message":"submissionHollow.name"}
{"message":"discord - sendChannelTextMessage","level":"info","service":"user-service"}
{"message":"discord - sendChannelMessageEmbed","level":"info","service":"user-service"}
{"message":"twitter - sendTextPost","level":"info","service":"user-service"}
{"message":"done","level":"info","service":"user-service"}
{"message":"2020-07-24T08:00:00+10:00 - 10 minute cron run.","level":"info","service":"user-service"}
{"message":"Connected","level":"info","service":"user-service"}
{"message":"Logged in as: ","level":"info","service":"user-service"}
{"message":"The Writer's Daily - (725470215235829830)","level":"info","service":"user-service"}
{"message":"There are TWD Podcast items to post!","level":"info","service":"user-service"}
{"service":"user-service","level":"info","message":"submissionHollow.name"}
{"message":"discord - sendChannelTextMessage","level":"info","service":"user-service"}
{"message":"discord - sendChannelMessageEmbed","level":"info","service":"user-service"}
{"message":"twitter - sendTextPost","level":"info","service":"user-service"}
{"message":"done","level":"info","service":"user-service"}
{"message":"2020-07-24T08:10:00+10:00 - 10 minute cron run.","level":"info","service":"user-service"}
{"message":"2020-07-24T08:20:00+10:00 - 10 minute cron run.","level":"info","service":"user-service"}
{"message":"2020-07-24T08:30:00+10:00 - 10 minute cron run.","level":"info","service":"user-service"}
{"message":"2020-07-24T08:40:00+10:00 - 10 minute cron run.","level":"info","service":"user-service"}
{"message":"2020-07-24T08:50:00+10:00 - 10 minute cron run.","level":"info","service":"user-service"}
{"message":"2020-07-24T09:00:00+10:00 - 10 minute cron run.","level":"info","service":"user-service"}
{"message":"2020-07-24T09:10:00+10:00 - 10 minute cron run.","level":"info","service":"user-service"}
{"message":"2020-07-24T09:20:00+10:00 - 10 minute cron run.","level":"info","service":"user-service"}
{"message":"2020-07-24T09:30:00+10:00 - 10 minute cron run.","level":"info","service":"user-service"}
{"message":"2020-07-24T09:40:00+10:00 - 10 minute cron run.","level":"info","service":"user-service"}
{"message":"2020-07-24T09:50:00+10:00 - 10 minute cron run.","level":"info","service":"user-service"}
{"message":"2020-07-24T10:00:00+10:00 - 10 minute cron run.","level":"info","service":"user-service"}
{"message":"2020-07-24T10:10:00+10:00 - 10 minute cron run.","level":"info","service":"user-service"}
{"message":"2020-07-24T10:20:00+10:00 - 10 minute cron run.","level":"info","service":"user-service"}
{"message":"2020-07-24T10:30:00+10:00 - 10 minute cron run.","level":"info","service":"user-service"}
{"message":"2020-07-24T10:40:00+10:00 - 10 minute cron run.","level":"info","service":"user-service"}
{"message":"2020-07-24T10:50:00+10:00 - 10 minute cron run.","level":"info","service":"user-service"}
{"message":"2020-07-24T11:20:00+10:00 - 10 minute cron run.","level":"info","service":"user-service"}
{"message":"2020-07-24T11:30:00+10:00 - 10 minute cron run.","level":"info","service":"user-service"}
{"message":"2020-07-24T11:40:00+10:00 - 10 minute cron run.","level":"info","service":"user-service"}
{"message":"2020-07-24T11:50:00+10:00 - 10 minute cron run.","level":"info","service":"user-service"}
{"message":"2020-07-24T12:00:00+10:00 - 10 minute cron run.","level":"info","service":"user-service"}
{"message":"2020-07-24T12:10:00+10:00 - 10 minute cron run.","level":"info","service":"user-service"}
{"message":"2020-07-24T12:20:00+10:00 - 10 minute cron run.","level":"info","service":"user-service"}
{"message":"2020-07-24T12:30:00+10:00 - 10 minute cron run.","level":"info","service":"user-service"}
{"message":"2020-07-24T12:40:00+10:00 - 10 minute cron run.","level":"info","service":"user-service"}
{"message":"2020-07-24T12:50:00+10:00 - 10 minute cron run.","level":"info","service":"user-service"}
{"message":"2020-07-24T13:00:00+10:00 - 10 minute cron run.","level":"info","service":"user-service"}
{"message":"2020-07-24T13:10:00+10:00 - 10 minute cron run.","level":"info","service":"user-service"}
{"message":"2020-07-24T13:20:00+10:00 - 10 minute cron run.","level":"info","service":"user-service"}
{"message":"2020-07-24T13:30:00+10:00 - 10 minute cron run.","level":"info","service":"user-service"}
{"message":"2020-07-24T13:40:00+10:00 - 10 minute cron run.","level":"info","service":"user-service"}
{"message":"2020-07-24T13:50:00+10:00 - 10 minute cron run.","level":"info","service":"user-service"}
{"message":"2020-07-24T14:00:00+10:00 - 10 minute cron run.","level":"info","service":"user-service"}
{"message":"2020-07-24T14:10:00+10:00 - 10 minute cron run.","level":"info","service":"user-service"}
{"message":"2020-07-24T14:20:00+10:00 - 10 minute cron run.","level":"info","service":"user-service"}
{"message":"2020-07-24T14:30:00+10:00 - 10 minute cron run.","level":"info","service":"user-service"}
{"message":"2020-07-24T14:40:00+10:00 - 10 minute cron run.","level":"info","service":"user-service"}
{"message":"2020-07-24T14:50:00+10:00 - 10 minute cron run.","level":"info","service":"user-service"}
{"message":"2020-07-24T15:30:00+10:00 - 10 minute cron run.","level":"info","service":"user-service"}
{"message":"2020-07-24T15:40:00+10:00 - 10 minute cron run.","level":"info","service":"user-service"}
{"message":"2020-07-24T15:50:00+10:00 - 10 minute cron run.","level":"info","service":"user-service"}
{"message":"2020-07-24T16:00:00+10:00 - 10 minute cron run.","level":"info","service":"user-service"}
{"message":"2020-07-24T16:10:00+10:00 - 10 minute cron run.","level":"info","service":"user-service"}
{"message":"2020-07-24T16:20:00+10:00 - 10 minute cron run.","level":"info","service":"user-service"}
{"message":"Connected","level":"info","service":"user-service"}
{"message":"Logged in as: ","level":"info","service":"user-service"}
{"message":"NeverFap Deluxe - (560641931466768384)","level":"info","service":"user-service"}
{"message":"There are TNDD Podcast items to post!","level":"info","service":"user-service"}
{"message":{"item":"[object Object]"},"level":"info","service":"user-service"}
{"service":"user-service","level":"info","message":"submissionHollow.name"}
{"message":"discord - sendChannelTextMessage","level":"info","service":"user-service"}
{"message":"discord - sendChannelMessageEmbed","level":"info","service":"user-service"}
{"message":"twitter - sendTextPost","level":"info","service":"user-service"}
{"message":"done","level":"info","service":"user-service"}
{"message":"Connected","level":"info","service":"user-service"}
{"message":"Logged in as: ","level":"info","service":"user-service"}
{"message":"The Writer's Daily - (725470215235829830)","level":"info","service":"user-service"}
{"message":"There are TWD Podcast items to post!","level":"info","service":"user-service"}
{"service":"user-service","level":"info","message":"submissionHollow.name"}
{"message":"discord - sendChannelTextMessage","level":"info","service":"user-service"}
{"message":"discord - sendChannelMessageEmbed","level":"info","service":"user-service"}
{"message":"twitter - sendTextPost","level":"info","service":"user-service"}
{"message":"done","level":"info","service":"user-service"}
{"message":"Connected","level":"info","service":"user-service"}
{"message":"Logged in as: ","level":"info","service":"user-service"}
{"message":"The Writer's Daily - (725470215235829830)","level":"info","service":"user-service"}
{"message":"There are TWD Podcast items to post!","level":"info","service":"user-service"}
{"message":"Connected","level":"info","service":"user-service"}
{"message":"Logged in as: ","level":"info","service":"user-service"}
{"message":"NeverFap Deluxe - (560641931466768384)","level":"info","service":"user-service"}
{"message":"There are TNDD Podcast items to post!","level":"info","service":"user-service"}
{"message":{"item":"[object Object]"},"level":"info","service":"user-service"}
{"service":"user-service","level":"info","message":"submissionHollow.name"}
{"service":"user-service","level":"info","message":"submissionHollow.name"}
{"message":"discord - sendChannelTextMessage","level":"info","service":"user-service"}
{"message":"discord - sendChannelMessageEmbed","level":"info","service":"user-service"}
{"message":"twitter - sendTextPost","level":"info","service":"user-service"}
{"message":"discord - sendChannelTextMessage","level":"info","service":"user-service"}
{"message":"discord - sendChannelMessageEmbed","level":"info","service":"user-service"}
{"message":"done","level":"info","service":"user-service"}
{"message":"twitter - sendTextPost","level":"info","service":"user-service"}
{"message":"done","level":"info","service":"user-service"}
